[12Mar2025 00:36:26.475] [User Authenticator #1/INFO] [net.minecraft.server.network.ServerLoginPacketListenerImpl/]: UUID of player Donita1 is 37023e91-faad-4e06-a200-e07907058232
[12Mar2025 00:36:28.883] [Server thread/WARN] [net.minecraft.network.syncher.SynchedEntityData/]: defineId called for: class net.minecraft.world.entity.player.Player from class tschipp.carryon.common.carry.CarryOnDataManager
[12Mar2025 00:36:29.029] [Server thread/INFO] [net.minecraft.server.players.PlayerList/]: Donita1[/127.200.165.114:52673] logged in with entity id 1548 at (-131.12896843019865, 63.0, 12.169024332402)
[12Mar2025 00:36:29.373] [Server thread/INFO] [net.minecraft.server.MinecraftServer/]: Donita1 joined the game
[12Mar2025 00:36:29.717] [Server thread/INFO] [Jade/]: Syncing config to Donita1 (37023e91-faad-4e06-a200-e07907058232)
[12Mar2025 00:55:19.972] [Server thread/INFO] [net.minecraft.server.MinecraftServer/]: [Donita1: Set own game mode to Creative Mode]
[12Mar2025 00:55:46.379] [Server thread/INFO] [net.minecraft.server.MinecraftServer/]: [Donita1: Set own game mode to Survival Mode]
[12Mar2025 01:08:13.906] [Server thread/INFO] [net.minecraft.server.MinecraftServer/]: [Donita1: Set own game mode to Creative Mode]
[12Mar2025 01:11:49.932] [Server thread/INFO] [net.minecraft.server.MinecraftServer/]: [Donita1: Set own game mode to Survival Mode]
[12Mar2025 01:25:30.706] [User Authenticator #2/INFO] [net.minecraft.server.network.ServerLoginPacketListenerImpl/]: UUID of player TRY_KIMS is 5f3199fd-6670-4090-b2bc-f7f58130ab00
[12Mar2025 01:25:33.222] [Server thread/INFO] [net.minecraft.server.players.PlayerList/]: TRY_KIMS[/127.115.201.221:60181] logged in with entity id 8295 at (-121.467492851855, 68.0, -45.88135792391009)
[12Mar2025 01:25:33.263] [Server thread/INFO] [net.minecraft.server.MinecraftServer/]: TRY_KIMS joined the game
[12Mar2025 01:25:33.339] [Server thread/INFO] [Jade/]: Syncing config to TRY_KIMS (5f3199fd-6670-4090-b2bc-f7f58130ab00)
[12Mar2025 01:25:58.105] [Server thread/INFO] [net.minecraft.server.MinecraftServer/]: <TRY_KIMS> buenaaaaaaaaaaaaassssssss
[12Mar2025 01:26:11.480] [Server thread/INFO] [net.minecraft.server.MinecraftServer/]: <TRY_KIMS> buenaaaaaaaaaaaaassssssss
[12Mar2025 01:26:12.415] [Server thread/INFO] [net.minecraft.server.MinecraftServer/]: <TRY_KIMS> buenaaaaaaaaaaaaassssssss
[12Mar2025 01:26:13.314] [Server thread/INFO] [net.minecraft.server.MinecraftServer/]: <TRY_KIMS> buenaaaaaaaaaaaaassssssss
[12Mar2025 01:26:13.979] [Server thread/INFO] [net.minecraft.server.MinecraftServer/]: <TRY_KIMS> buenaaaaaaaaaaaaassssssss
[12Mar2025 01:26:14.616] [Server thread/INFO] [net.minecraft.server.MinecraftServer/]: <TRY_KIMS> buenaaaaaaaaaaaaassssssss
[12Mar2025 01:26:16.538] [Server thread/INFO] [net.minecraft.server.MinecraftServer/]: <TRY_KIMS> buenaaaaaaaaaaaaassssssss
[12Mar2025 01:26:20.213] [Server thread/INFO] [net.minecraft.server.MinecraftServer/]: <Donita1> odaaaaaaaaaaaaaaaaa
[12Mar2025 01:27:04.977] [Server thread/INFO] [net.minecraft.server.MinecraftServer/]: <TRY_KIMS> estoy en dc :P
[12Mar2025 01:27:12.177] [Server thread/INFO] [net.minecraft.server.MinecraftServer/]: <Donita1> voy, que toy comiendo jaja
[12Mar2025 01:27:17.526] [Server thread/INFO] [net.minecraft.server.MinecraftServer/]: <TRY_KIMS> cometesta
[12Mar2025 01:27:19.232] [Server thread/INFO] [net.minecraft.server.MinecraftServer/]: <TRY_KIMS> digo
[12Mar2025 01:27:22.602] [Server thread/INFO] [net.minecraft.server.MinecraftServer/]: <TRY_KIMS> provecho :P
[12Mar2025 01:27:23.227] [Server thread/INFO] [net.minecraft.server.MinecraftServer/]: <Donita1> ey
[12Mar2025 01:27:25.332] [Server thread/INFO] [net.minecraft.server.MinecraftServer/]: <Donita1> no
[12Mar2025 01:27:33.114] [Server thread/INFO] [net.minecraft.server.MinecraftServer/]: <TRY_KIMS> segura que no? unu
[12Mar2025 01:27:44.887] [Server thread/INFO] [net.minecraft.server.MinecraftServer/]: <Donita1> lo dijiste en un modo feito
[12Mar2025 01:27:51.027] [Server thread/INFO] [net.minecraft.server.MinecraftServer/]: <TRY_KIMS> peyooon
[12Mar2025 01:27:59.377] [Server thread/INFO] [net.minecraft.server.MinecraftServer/]: <TRY_KIMS> pero provecho :p
[12Mar2025 01:28:09.343] [Server thread/INFO] [net.minecraft.server.MinecraftServer/]: <Donita1> gachas
[12Mar2025 01:28:24.042] [Server thread/INFO] [net.minecraft.server.MinecraftServer/]: <TRY_KIMS> que % llevas?
[12Mar2025 01:41:10.840] [Server thread/INFO] [net.minecraft.server.MinecraftServer/]: [Donita1: Set own game mode to Creative Mode]
[12Mar2025 01:41:26.845] [Server thread/INFO] [net.minecraft.server.MinecraftServer/]: [Donita1: Set own game mode to Survival Mode]
[12Mar2025 01:51:22.229] [Server thread/WARN] [net.minecraft.server.level.ServerPlayerGameMode/]: Mismatch in destroy block pos: BlockPos{x=-99, y=60, z=-52} BlockPos{x=-99, y=61, z=-52}
[12Mar2025 02:02:07.612] [Server thread/INFO] [net.minecraft.server.MinecraftServer/]: [Donita1: Teleported Donita1 to TRY_KIMS]
[12Mar2025 02:06:24.528] [Server thread/INFO] [net.minecraft.server.network.ServerGamePacketListenerImpl/]: Donita1 lost connection: Disconnected
[12Mar2025 02:06:24.529] [Server thread/INFO] [net.minecraft.server.MinecraftServer/]: Donita1 left the game
[12Mar2025 02:08:17.882] [User Authenticator #3/INFO] [net.minecraft.server.network.ServerLoginPacketListenerImpl/]: UUID of player Donita1 is 37023e91-faad-4e06-a200-e07907058232
[12Mar2025 02:08:20.349] [Server thread/INFO] [net.minecraft.server.players.PlayerList/]: Donita1[/127.200.165.114:38193] logged in with entity id 20745 at (-138.8735198113315, 63.0, 9.11956186089763)
[12Mar2025 02:08:20.381] [Server thread/INFO] [net.minecraft.server.MinecraftServer/]: Donita1 joined the game
[12Mar2025 02:08:20.450] [Server thread/INFO] [Jade/]: Syncing config to Donita1 (37023e91-faad-4e06-a200-e07907058232)
[12Mar2025 02:23:07.202] [Server thread/INFO] [net.minecraft.server.MinecraftServer/]: [Donita1: Set own game mode to Creative Mode]
[12Mar2025 02:23:50.283] [Server thread/INFO] [net.minecraft.server.MinecraftServer/]: [Donita1: Set own game mode to Survival Mode]
[12Mar2025 02:29:08.782] [Server thread/INFO] [net.minecraft.server.MinecraftServer/]: TRY_KIMS has made the advancement [Tactical Fishing]
[12Mar2025 02:49:33.408] [Server thread/INFO] [net.minecraft.server.MinecraftServer/]: [Donita1: Teleported Donita1 to TRY_KIMS]
